Base path: C:/Program Files/Unity522/Editor/Data
Pipe name: \\.\pipe\UnityShaderCompiler-64bit-1-4772
Cmd: getPlatforms
Cmd: compileSnippet
  api=4 type=0 insize=751 outsize=3533 kw=SHADOWS_DEPTH pd= ok=1
Cmd: compileSnippet
  api=4 type=1 insize=751 outsize=380 kw=SHADOWS_DEPTH pd= ok=1
Cmd: compileSnippet
  api=4 type=0 insize=982 outsize=3979 kw=DIRECTIONAL SHADOWS_OFF LIGHTMAP_OFF DIRLIGHTMAP_OFF DYNAMICLIGHTMAP_OFF pd= ok=1
Cmd: compileSnippet
  api=4 type=1 insize=982 outsize=10618 kw=DIRECTIONAL SHADOWS_OFF LIGHTMAP_OFF DIRLIGHTMAP_OFF DYNAMICLIGHTMAP_OFF pd= ok=1
Cmd: compileSnippet
  api=4 type=0 insize=938 outsize=4101 kw=DIRECTIONAL SHADOWS_OFF pd= ok=1
Cmd: compileSnippet
  api=4 type=1 insize=938 outsize=5515 kw=DIRECTIONAL SHADOWS_OFF pd= ok=1
Cmd: compileSnippet
  api=4 type=0 insize=982 outsize=4337 kw=DIRECTIONAL SHADOWS_SCREEN LIGHTMAP_OFF DIRLIGHTMAP_OFF DYNAMICLIGHTMAP_OFF pd= ok=1
Cmd: compileSnippet
  api=4 type=1 insize=982 outsize=10926 kw=DIRECTIONAL SHADOWS_SCREEN LIGHTMAP_OFF DIRLIGHTMAP_OFF DYNAMICLIGHTMAP_OFF pd= ok=1
Cmd: compileSnippet
  api=4 type=0 insize=1705 outsize=2038 kw=SOFTPARTICLES_ON pd= ok=1
Cmd: compileSnippet
  api=4 type=1 insize=1705 outsize=1615 kw=SOFTPARTICLES_ON pd= ok=1
Cmd: compileSnippet
  api=4 type=0 insize=1705 outsize=1290 kw=SOFTPARTICLES_OFF pd= ok=1
Cmd: compileSnippet
  api=4 type=1 insize=1705 outsize=924 kw=SOFTPARTICLES_OFF pd= ok=1
Cmd: compileSnippet
  api=4 type=0 insize=1470 outsize=1274 kw= pd= ok=1
Cmd: compileSnippet
  api=4 type=1 insize=1470 outsize=770 kw= pd= ok=1
Cmd: preprocess
  insize=641 outsize=641 ok=1
Cmd: preprocess
  insize=653 outsize=653 ok=1
Cmd: preprocess
  insize=654 outsize=654 ok=1
Cmd: preprocess
  insize=1890 outsize=487 ok=1
Cmd: preprocess
  insize=641 outsize=641 ok=1
Cmd: preprocess
  insize=1890 outsize=487 ok=1
Cmd: preprocess
  insize=1449 outsize=1449 ok=1
Cmd: preprocess
  insize=608 outsize=1456 ok=1
Cmd: compileSnippet
  api=4 type=0 insize=6914 outsize=3663 kw=DIRECTIONAL SHADOWS_OFF LIGHTMAP_OFF DIRLIGHTMAP_OFF DYNAMICLIGHTMAP_OFF pd= ok=1
Cmd: compileSnippet
  api=4 type=1 insize=6914 outsize=1249 kw=DIRECTIONAL SHADOWS_OFF LIGHTMAP_OFF DIRLIGHTMAP_OFF DYNAMICLIGHTMAP_OFF pd= ok=1
Cmd: compileSnippet
  api=4 type=0 insize=2892 outsize=2533 kw= pd= ok=1
Cmd: compileSnippet
  api=4 type=1 insize=2892 outsize=697 kw= pd= ok=1
Cmd: compileSnippet
  api=4 type=0 insize=5952 outsize=4077 kw=LIGHTMAP_OFF DIRLIGHTMAP_OFF DYNAMICLIGHTMAP_OFF HDR_LIGHT_PREPASS_OFF pd= ok=1
Cmd: compileSnippet
  api=4 type=1 insize=5952 outsize=1266 kw=LIGHTMAP_OFF DIRLIGHTMAP_OFF DYNAMICLIGHTMAP_OFF HDR_LIGHT_PREPASS_OFF pd= ok=1
Cmd: compileSnippet
  api=4 type=0 insize=5829 outsize=3801 kw=LIGHTMAP_OFF DIRLIGHTMAP_OFF DYNAMICLIGHTMAP_OFF HDR_LIGHT_PREPASS_OFF pd= ok=1
Cmd: compileSnippet
  api=4 type=1 insize=5829 outsize=1550 kw=LIGHTMAP_OFF DIRLIGHTMAP_OFF DYNAMICLIGHTMAP_OFF HDR_LIGHT_PREPASS_OFF pd= ok=1
Cmd: compileSnippet
  api=4 type=0 insize=3083 outsize=2484 kw= pd= ok=1
Cmd: compileSnippet
  api=4 type=1 insize=3083 outsize=1249 kw= pd= ok=1
Cmd: preprocess
  insize=645 outsize=645 ok=1
Cmd: compileSnippet
  api=4 type=0 insize=3985 outsize=2679 kw= pd= ok=1
Cmd: compileSnippet
  api=4 type=1 insize=3985 outsize=770 kw= pd= ok=1
Cmd: compileSnippet
  api=4 type=0 insize=577 outsize=3533 kw=SHADOWS_DEPTH pd= ok=1
Cmd: compileSnippet
  api=4 type=1 insize=577 outsize=453 kw=SHADOWS_DEPTH pd= ok=1
Cmd: compileSnippet
  api=4 type=0 insize=4039 outsize=2460 kw= pd= ok=1
Cmd: compileSnippet
  api=4 type=1 insize=4039 outsize=868 kw= pd= ok=1
Cmd: preprocess
  insize=636 outsize=636 ok=1
Cmd: preprocess
  insize=755 outsize=755 ok=1
Cmd: preprocess
  insize=739 outsize=739 ok=1
Cmd: preprocess
  insize=755 outsize=755 ok=1
Cmd: preprocess
  insize=745 outsize=745 ok=1
Cmd: compileSnippet
  api=4 type=0 insize=1459 outsize=1274 kw= pd= ok=1
Cmd: compileSnippet
  api=4 type=1 insize=1459 outsize=673 kw= pd= ok=1
Cmd: preprocess
  insize=755 outsize=755 ok=1
Cmd: preprocess
  insize=768 outsize=768 ok=1
Cmd: preprocess
  insize=755 outsize=755 ok=1
Cmd: preprocess
  insize=745 outsize=745 ok=1
Cmd: compileSnippet
  api=4 type=0 insize=1464 outsize=1274 kw= pd= ok=1
Cmd: compileSnippet
  api=4 type=1 insize=1464 outsize=583 kw= pd= ok=1
Cmd: preprocess
  insize=755 outsize=755 ok=1
Cmd: compileSnippet
  api=4 type=0 insize=7194 outsize=4849 kw=DIRECTIONAL SHADOWS_OFF LIGHTMAP_OFF DIRLIGHTMAP_OFF DYNAMICLIGHTMAP_OFF pd= ok=1
Cmd: compileSnippet
  api=4 type=1 insize=7194 outsize=1989 kw=DIRECTIONAL SHADOWS_OFF LIGHTMAP_OFF DIRLIGHTMAP_OFF DYNAMICLIGHTMAP_OFF pd= ok=1
Cmd: compileSnippet
  api=4 type=0 insize=7251 outsize=5531 kw=DIRECTIONAL SHADOWS_OFF LIGHTMAP_OFF DIRLIGHTMAP_OFF DYNAMICLIGHTMAP_OFF pd= ok=1
Cmd: compileSnippet
  api=4 type=1 insize=7251 outsize=2639 kw=DIRECTIONAL SHADOWS_OFF LIGHTMAP_OFF DIRLIGHTMAP_OFF DYNAMICLIGHTMAP_OFF pd= ok=1
Cmd: compileSnippet
  api=4 type=0 insize=1488 outsize=1217 kw= pd= ok=1
Cmd: compileSnippet
  api=4 type=1 insize=1488 outsize=770 kw= pd= ok=1
Cmd: preprocess
  insize=1900 outsize=497 ok=1
Cmd: preprocess
  insize=1620 outsize=497 ok=1
Cmd: compileSnippet
  api=4 type=0 insize=1425 outsize=1290 kw=SOFTPARTICLES_OFF pd= ok=1
Cmd: compileSnippet
  api=4 type=1 insize=1425 outsize=924 kw=SOFTPARTICLES_OFF pd= ok=1
Cmd: preprocess
  insize=1511 outsize=496 ok=1
Cmd: compileSnippet
  api=4 type=0 insize=1316 outsize=1290 kw=SOFTPARTICLES_OFF pd= ok=1
Cmd: compileSnippet
  api=4 type=1 insize=1316 outsize=924 kw=SOFTPARTICLES_OFF pd= ok=1
Cmd: preprocess
  insize=1511 outsize=497 ok=1
Cmd: compileSnippet
  api=4 type=0 insize=1316 outsize=1290 kw=SOFTPARTICLES_OFF pd= ok=1
Cmd: compileSnippet
  api=4 type=1 insize=1316 outsize=924 kw=SOFTPARTICLES_OFF pd= ok=1
Cmd: preprocess
  insize=1470 outsize=497 ok=1
Cmd: compileSnippet
  api=4 type=0 insize=1275 outsize=1290 kw=SOFTPARTICLES_OFF pd= ok=1
Cmd: compileSnippet
  api=4 type=1 insize=1275 outsize=924 kw=SOFTPARTICLES_OFF pd= ok=1
Cmd: preprocess
  insize=1244 outsize=497 ok=1
Cmd: compileSnippet
  api=4 type=0 insize=1049 outsize=1290 kw=SOFTPARTICLES_OFF pd= ok=1
Cmd: compileSnippet
  api=4 type=1 insize=1049 outsize=924 kw=SOFTPARTICLES_OFF pd= ok=1
Cmd: preprocess
  insize=1243 outsize=496 ok=1
Cmd: compileSnippet
  api=4 type=0 insize=1048 outsize=1290 kw=SOFTPARTICLES_OFF pd= ok=1
Cmd: compileSnippet
  api=4 type=1 insize=1048 outsize=924 kw=SOFTPARTICLES_OFF pd= ok=1
Cmd: preprocess
  insize=1242 outsize=497 ok=1
Cmd: compileSnippet
  api=4 type=0 insize=1047 outsize=1290 kw=SOFTPARTICLES_OFF pd= ok=1
Cmd: compileSnippet
  api=4 type=1 insize=1047 outsize=924 kw=SOFTPARTICLES_OFF pd= ok=1
Cmd: preprocess
  insize=1168 outsize=488 ok=1
Cmd: compileSnippet
  api=4 type=0 insize=982 outsize=1290 kw= pd= ok=1
Cmd: compileSnippet
  api=4 type=1 insize=982 outsize=924 kw= pd= ok=1
Cmd: preprocess
  insize=1172 outsize=488 ok=1
Cmd: compileSnippet
  api=4 type=0 insize=986 outsize=1290 kw= pd= ok=1
Cmd: compileSnippet
  api=4 type=1 insize=986 outsize=981 kw= pd= ok=1
Cmd: preprocess
  insize=1168 outsize=488 ok=1
Cmd: preprocess
  insize=1168 outsize=477 ok=1
Cmd: compileSnippet
  error: 2 plat 4 at (52): undeclared identifier '_InvFade'\nCompiling Vertex program
  api=4 type=0 insize=993 outsize=0 kw= pd= ok=0
Cmd: preprocess
  insize=1188 outsize=477 ok=1
Cmd: compileSnippet
  api=4 type=0 insize=1013 outsize=1290 kw= pd= ok=1
Cmd: compileSnippet
  api=4 type=1 insize=1013 outsize=989 kw= pd= ok=1
Cmd: preprocess
  insize=1004 outsize=476 ok=1
Cmd: compileSnippet
  error: 2 plat 4 at (0): Program 'vert', error X3501: 'vert': entrypoint not found\nCompiling Vertex program
  api=4 type=0 insize=829 outsize=0 kw= pd= ok=0
Cmd: preprocess
  insize=1188 outsize=477 ok=1
Cmd: preprocess
  insize=1178 outsize=477 ok=1
Cmd: compileSnippet
  api=4 type=0 insize=1003 outsize=1290 kw= pd= ok=1
Cmd: compileSnippet
  api=4 type=1 insize=1003 outsize=916 kw= pd= ok=1
Cmd: preprocess
  insize=1188 outsize=477 ok=1
Cmd: preprocess
  insize=1164 outsize=476 ok=1
Cmd: compileSnippet
  api=4 type=0 insize=989 outsize=1290 kw= pd= ok=1
Cmd: compileSnippet
  api=4 type=1 insize=989 outsize=989 kw= pd= ok=1
Cmd: preprocess
  insize=1160 outsize=477 ok=1
Cmd: compileSnippet
  error: 2 plat 4 at (53): syntax error: unexpected token '*'\nCompiling Vertex program
  api=4 type=0 insize=985 outsize=0 kw= pd= ok=0
Cmd: preprocess
  insize=1157 outsize=477 ok=1
Cmd: compileSnippet
  api=4 type=0 insize=982 outsize=1290 kw= pd= ok=1
Cmd: compileSnippet
  api=4 type=1 insize=982 outsize=933 kw= pd= ok=1
Cmd: preprocess
  insize=1147 outsize=477 ok=1
Cmd: compileSnippet
  api=4 type=0 insize=972 outsize=1290 kw= pd= ok=1
Cmd: compileSnippet
  api=4 type=1 insize=972 outsize=851 kw= pd= ok=1
Cmd: preprocess
  insize=1147 outsize=477 ok=1
Cmd: compileSnippet
  api=4 type=0 insize=972 outsize=1290 kw= pd= ok=1
Cmd: compileSnippet
  api=4 type=1 insize=972 outsize=851 kw= pd= ok=1
Cmd: preprocess
  insize=1147 outsize=477 ok=1
Cmd: compileSnippet
  api=4 type=0 insize=972 outsize=1290 kw= pd= ok=1
Cmd: compileSnippet
  api=4 type=1 insize=972 outsize=851 kw= pd= ok=1
Cmd: compileSnippet
  api=4 type=0 insize=751 outsize=3533 kw=SHADOWS_DEPTH pd= ok=1
Cmd: compileSnippet
  api=4 type=1 insize=751 outsize=380 kw=SHADOWS_DEPTH pd= ok=1
Cmd: compileSnippet
  api=4 type=0 insize=977 outsize=3979 kw=DIRECTIONAL SHADOWS_OFF LIGHTMAP_OFF DIRLIGHTMAP_OFF DYNAMICLIGHTMAP_OFF pd= ok=1
Cmd: compileSnippet
  api=4 type=1 insize=977 outsize=10504 kw=DIRECTIONAL SHADOWS_OFF LIGHTMAP_OFF DIRLIGHTMAP_OFF DYNAMICLIGHTMAP_OFF pd= ok=1
Cmd: compileSnippet
  api=4 type=0 insize=934 outsize=4101 kw=DIRECTIONAL SHADOWS_OFF pd= ok=1
Cmd: compileSnippet
  api=4 type=1 insize=934 outsize=5401 kw=DIRECTIONAL SHADOWS_OFF pd= ok=1
Cmd: compileSnippet
  api=4 type=0 insize=977 outsize=3979 kw=DIRECTIONAL SHADOWS_OFF LIGHTMAP_OFF DIRLIGHTMAP_OFF DYNAMICLIGHTMAP_OFF _EMISSION pd= ok=1
Cmd: compileSnippet
  api=4 type=1 insize=977 outsize=10715 kw=DIRECTIONAL SHADOWS_OFF LIGHTMAP_OFF DIRLIGHTMAP_OFF DYNAMICLIGHTMAP_OFF _EMISSION pd= ok=1
Cmd: compileSnippet
  api=4 type=0 insize=934 outsize=4792 kw=POINT SHADOWS_OFF pd= ok=1
Cmd: compileSnippet
  api=4 type=1 insize=934 outsize=5889 kw=POINT SHADOWS_OFF pd= ok=1
Cmd: compileSnippet
  api=4 type=0 insize=751 outsize=3776 kw=SHADOWS_DEPTH _ALPHAPREMULTIPLY_ON pd= ok=1
Cmd: compileSnippet
  api=4 type=1 insize=751 outsize=1233 kw=SHADOWS_DEPTH _ALPHAPREMULTIPLY_ON pd= ok=1
Cmd: compileSnippet
  api=4 type=0 insize=977 outsize=3979 kw=DIRECTIONAL SHADOWS_OFF LIGHTMAP_OFF DIRLIGHTMAP_OFF DYNAMICLIGHTMAP_OFF _ALPHAPREMULTIPLY_ON pd= ok=1
Cmd: compileSnippet
  api=4 type=1 insize=977 outsize=10593 kw=DIRECTIONAL SHADOWS_OFF LIGHTMAP_OFF DIRLIGHTMAP_OFF DYNAMICLIGHTMAP_OFF _ALPHAPREMULTIPLY_ON pd= ok=1
Cmd: compileSnippet
  api=4 type=0 insize=934 outsize=4101 kw=DIRECTIONAL SHADOWS_OFF _ALPHAPREMULTIPLY_ON pd= ok=1
Cmd: compileSnippet
  api=4 type=1 insize=934 outsize=5596 kw=DIRECTIONAL SHADOWS_OFF _ALPHAPREMULTIPLY_ON pd= ok=1
Cmd: preprocess
  insize=641 outsize=641 ok=1
Cmd: preprocess
  insize=639 outsize=639 ok=1
Cmd: compileSnippet
  api=4 type=0 insize=530 outsize=2224 kw= pd= ok=1
Cmd: compileSnippet
  api=4 type=1 insize=530 outsize=1899 kw= pd= ok=1
Cmd: compileSnippet
  api=4 type=0 insize=982 outsize=4418 kw=DIRECTIONAL SHADOWS_OFF LIGHTMAP_OFF DIRLIGHTMAP_COMBINED DYNAMICLIGHTMAP_ON pd= ok=1
Cmd: compileSnippet
  api=4 type=1 insize=982 outsize=11081 kw=DIRECTIONAL SHADOWS_OFF LIGHTMAP_OFF DIRLIGHTMAP_COMBINED DYNAMICLIGHTMAP_ON pd= ok=1
Cmd: compileSnippet
  api=4 type=0 insize=1482 outsize=1290 kw=SOFTPARTICLES_OFF pd= ok=1
Cmd: compileSnippet
  api=4 type=1 insize=1482 outsize=827 kw=SOFTPARTICLES_OFF pd= ok=1
Cmd: compileSnippet
  api=4 type=0 insize=818 outsize=778 kw= pd= ok=1
Cmd: compileSnippet
  api=4 type=1 insize=818 outsize=510 kw= pd= ok=1
Cmd: compileSnippet
  api=4 type=0 insize=990 outsize=1087 kw= pd= ok=1
Cmd: compileSnippet
  api=4 type=1 insize=990 outsize=713 kw= pd= ok=1
